<?xml version="1.0" encoding="UTF-8"?>
<!-- Generated by org.testng.reporters.JUnitReportReporter -->
<testsuite hostname="HEMA" failures="0" tests="1" name="testScripts.AddCategoryTest" time="10.879" errors="0" timestamp="2024-02-01T14:09:34 IST" skipped="0">
  <testcase classname="testScripts.AddCategoryTest" name="addCategoryTest" time="10.879"/>
  <system-out/>
</testsuite> <!-- testScripts.AddCategoryTest -->
